make -C src all
make[1]: Entering directory `/home/shivam/Courses/cs631/postgresql/src'
make -C common all
make[2]: Entering directory `/home/shivam/Courses/cs631/postgresql/src/common'
make -C ../backend submake-errcodes
make[3]: Entering directory `/home/shivam/Courses/cs631/postgresql/src/backend'
make[3]: Nothing to be done for `submake-errcodes'.
make[3]: Leaving directory `/home/shivam/Courses/cs631/postgresql/src/backend'
make[2]: Leaving directory `/home/shivam/Courses/cs631/postgresql/src/common'
make -C port all
make[2]: Entering directory `/home/shivam/Courses/cs631/postgresql/src/port'
make -C ../backend submake-errcodes
make[3]: Entering directory `/home/shivam/Courses/cs631/postgresql/src/backend'
make[3]: Nothing to be done for `submake-errcodes'.
make[3]: Leaving directory `/home/shivam/Courses/cs631/postgresql/src/backend'
make[2]: Leaving directory `/home/shivam/Courses/cs631/postgresql/src/port'
make -C timezone all
make[2]: Entering directory `/home/shivam/Courses/cs631/postgresql/src/timezone'
make -C ../../src/port all
make[3]: Entering directory `/home/shivam/Courses/cs631/postgresql/src/port'
make -C ../backend submake-errcodes
make[4]: Entering directory `/home/shivam/Courses/cs631/postgresql/src/backend'
make[4]: Nothing to be done for `submake-errcodes'.
make[4]: Leaving directory `/home/shivam/Courses/cs631/postgresql/src/backend'
make[3]: Leaving directory `/home/shivam/Courses/cs631/postgresql/src/port'
make -C ../../src/common all
make[3]: Entering directory `/home/shivam/Courses/cs631/postgresql/src/common'
make -C ../backend submake-errcodes
make[4]: Entering directory `/home/shivam/Courses/cs631/postgresql/src/backend'
make[4]: Nothing to be done for `submake-errcodes'.
make[4]: Leaving directory `/home/shivam/Courses/cs631/postgresql/src/backend'
make[3]: Leaving directory `/home/shivam/Courses/cs631/postgresql/src/common'
make[2]: Leaving directory `/home/shivam/Courses/cs631/postgresql/src/timezone'
make -C backend all
make[2]: Entering directory `/home/shivam/Courses/cs631/postgresql/src/backend'
make -C ../../src/port all
make[3]: Entering directory `/home/shivam/Courses/cs631/postgresql/src/port'
make -C ../backend submake-errcodes
make[4]: Entering directory `/home/shivam/Courses/cs631/postgresql/src/backend'
make[4]: Nothing to be done for `submake-errcodes'.
make[4]: Leaving directory `/home/shivam/Courses/cs631/postgresql/src/backend'
make[3]: Leaving directory `/home/shivam/Courses/cs631/postgresql/src/port'
make -C ../../src/common all
make[3]: Entering directory `/home/shivam/Courses/cs631/postgresql/src/common'
make -C ../backend submake-errcodes
make[4]: Entering directory `/home/shivam/Courses/cs631/postgresql/src/backend'
make[4]: Nothing to be done for `submake-errcodes'.
make[4]: Leaving directory `/home/shivam/Courses/cs631/postgresql/src/backend'
make[3]: Leaving directory `/home/shivam/Courses/cs631/postgresql/src/common'
make -C catalog schemapg.h
make[3]: Entering directory `/home/shivam/Courses/cs631/postgresql/src/backend/catalog'
make[3]: `schemapg.h' is up to date.
make[3]: Leaving directory `/home/shivam/Courses/cs631/postgresql/src/backend/catalog'
make -C parser gram.h
make[3]: Entering directory `/home/shivam/Courses/cs631/postgresql/src/backend/parser'
'/usr/bin/perl' ./check_keywords.pl gram.y ../../../src/include/parser/kwlist.h
/usr/bin/bison -d -o gram.c gram.y
make[3]: Leaving directory `/home/shivam/Courses/cs631/postgresql/src/backend/parser'
prereqdir=`cd 'parser/' >/dev/null && pwd` && \
	  cd '../../src/include/parser/' && rm -f gram.h && \
	  ln -s "$prereqdir/gram.h" .
make -C access all
make[3]: Entering directory `/home/shivam/Courses/cs631/postgresql/src/backend/access'
make -C common all
make[4]: Entering directory `/home/shivam/Courses/cs631/postgresql/src/backend/access/common'
make[4]: Nothing to be done for `all'.
make[4]: Leaving directory `/home/shivam/Courses/cs631/postgresql/src/backend/access/common'
make -C gin all
make[4]: Entering directory `/home/shivam/Courses/cs631/postgresql/src/backend/access/gin'
make[4]: Nothing to be done for `all'.
make[4]: Leaving directory `/home/shivam/Courses/cs631/postgresql/src/backend/access/gin'
make -C gist all
make[4]: Entering directory `/home/shivam/Courses/cs631/postgresql/src/backend/access/gist'
make[4]: Nothing to be done for `all'.
make[4]: Leaving directory `/home/shivam/Courses/cs631/postgresql/src/backend/access/gist'
make -C hash all
make[4]: Entering directory `/home/shivam/Courses/cs631/postgresql/src/backend/access/hash'
make[4]: Nothing to be done for `all'.
make[4]: Leaving directory `/home/shivam/Courses/cs631/postgresql/src/backend/access/hash'
make -C heap all
make[4]: Entering directory `/home/shivam/Courses/cs631/postgresql/src/backend/access/heap'
make[4]: Nothing to be done for `all'.
make[4]: Leaving directory `/home/shivam/Courses/cs631/postgresql/src/backend/access/heap'
make -C index all
make[4]: Entering directory `/home/shivam/Courses/cs631/postgresql/src/backend/access/index'
make[4]: Nothing to be done for `all'.
make[4]: Leaving directory `/home/shivam/Courses/cs631/postgresql/src/backend/access/index'
make -C nbtree all
make[4]: Entering directory `/home/shivam/Courses/cs631/postgresql/src/backend/access/nbtree'
make[4]: Nothing to be done for `all'.
make[4]: Leaving directory `/home/shivam/Courses/cs631/postgresql/src/backend/access/nbtree'
make -C rmgrdesc all
make[4]: Entering directory `/home/shivam/Courses/cs631/postgresql/src/backend/access/rmgrdesc'
make[4]: Nothing to be done for `all'.
make[4]: Leaving directory `/home/shivam/Courses/cs631/postgresql/src/backend/access/rmgrdesc'
make -C spgist all
make[4]: Entering directory `/home/shivam/Courses/cs631/postgresql/src/backend/access/spgist'
make[4]: Nothing to be done for `all'.
make[4]: Leaving directory `/home/shivam/Courses/cs631/postgresql/src/backend/access/spgist'
make -C transam all
make[4]: Entering directory `/home/shivam/Courses/cs631/postgresql/src/backend/access/transam'
make[4]: Nothing to be done for `all'.
make[4]: Leaving directory `/home/shivam/Courses/cs631/postgresql/src/backend/access/transam'
make[3]: Leaving directory `/home/shivam/Courses/cs631/postgresql/src/backend/access'
make -C bootstrap all
make[3]: Entering directory `/home/shivam/Courses/cs631/postgresql/src/backend/bootstrap'
make[3]: Nothing to be done for `all'.
make[3]: Leaving directory `/home/shivam/Courses/cs631/postgresql/src/backend/bootstrap'
make -C catalog all
make[3]: Entering directory `/home/shivam/Courses/cs631/postgresql/src/backend/catalog'
make[3]: Nothing to be done for `all'.
make[3]: Leaving directory `/home/shivam/Courses/cs631/postgresql/src/backend/catalog'
make -C parser all
make[3]: Entering directory `/home/shivam/Courses/cs631/postgresql/src/backend/parser'
gcc -O2 -Wall -Wmissing-prototypes -Wpointer-arith -Wdeclaration-after-statement -Wendif-labels -Wmissing-format-attribute -Wformat-security -fno-strict-aliasing -fwrapv -fexcess-precision=standard -g -Wno-error -I. -I. -I../../../src/include -D_GNU_SOURCE   -c -o gram.o gram.c
gcc -O2 -Wall -Wmissing-prototypes -Wpointer-arith -Wdeclaration-after-statement -Wendif-labels -Wmissing-format-attribute -Wformat-security -fno-strict-aliasing -fwrapv -fexcess-precision=standard -g -I. -I. -I../../../src/include -D_GNU_SOURCE   -c -o keywords.o keywords.c
gcc -O2 -Wall -Wmissing-prototypes -Wpointer-arith -Wdeclaration-after-statement -Wendif-labels -Wmissing-format-attribute -Wformat-security -fno-strict-aliasing -fwrapv -fexcess-precision=standard -g -I. -I. -I../../../src/include -D_GNU_SOURCE   -c -o parser.o parser.c
touch objfiles.txt
make[3]: Leaving directory `/home/shivam/Courses/cs631/postgresql/src/backend/parser'
make -C commands all
make[3]: Entering directory `/home/shivam/Courses/cs631/postgresql/src/backend/commands'
make[3]: Nothing to be done for `all'.
make[3]: Leaving directory `/home/shivam/Courses/cs631/postgresql/src/backend/commands'
make -C executor all
make[3]: Entering directory `/home/shivam/Courses/cs631/postgresql/src/backend/executor'
make[3]: Nothing to be done for `all'.
make[3]: Leaving directory `/home/shivam/Courses/cs631/postgresql/src/backend/executor'
make -C foreign all
make[3]: Entering directory `/home/shivam/Courses/cs631/postgresql/src/backend/foreign'
make[3]: Nothing to be done for `all'.
make[3]: Leaving directory `/home/shivam/Courses/cs631/postgresql/src/backend/foreign'
make -C lib all
make[3]: Entering directory `/home/shivam/Courses/cs631/postgresql/src/backend/lib'
make[3]: Nothing to be done for `all'.
make[3]: Leaving directory `/home/shivam/Courses/cs631/postgresql/src/backend/lib'
make -C libpq all
make[3]: Entering directory `/home/shivam/Courses/cs631/postgresql/src/backend/libpq'
make[3]: Nothing to be done for `all'.
make[3]: Leaving directory `/home/shivam/Courses/cs631/postgresql/src/backend/libpq'
make -C main all
make[3]: Entering directory `/home/shivam/Courses/cs631/postgresql/src/backend/main'
make[3]: Nothing to be done for `all'.
make[3]: Leaving directory `/home/shivam/Courses/cs631/postgresql/src/backend/main'
make -C nodes all
make[3]: Entering directory `/home/shivam/Courses/cs631/postgresql/src/backend/nodes'
make[3]: Nothing to be done for `all'.
make[3]: Leaving directory `/home/shivam/Courses/cs631/postgresql/src/backend/nodes'
make -C optimizer all
make[3]: Entering directory `/home/shivam/Courses/cs631/postgresql/src/backend/optimizer'
make -C geqo all
make[4]: Entering directory `/home/shivam/Courses/cs631/postgresql/src/backend/optimizer/geqo'
make[4]: Nothing to be done for `all'.
make[4]: Leaving directory `/home/shivam/Courses/cs631/postgresql/src/backend/optimizer/geqo'
make -C path all
make[4]: Entering directory `/home/shivam/Courses/cs631/postgresql/src/backend/optimizer/path'
make[4]: Nothing to be done for `all'.
make[4]: Leaving directory `/home/shivam/Courses/cs631/postgresql/src/backend/optimizer/path'
make -C plan all
make[4]: Entering directory `/home/shivam/Courses/cs631/postgresql/src/backend/optimizer/plan'
make[4]: Nothing to be done for `all'.
make[4]: Leaving directory `/home/shivam/Courses/cs631/postgresql/src/backend/optimizer/plan'
make -C prep all
make[4]: Entering directory `/home/shivam/Courses/cs631/postgresql/src/backend/optimizer/prep'
make[4]: Nothing to be done for `all'.
make[4]: Leaving directory `/home/shivam/Courses/cs631/postgresql/src/backend/optimizer/prep'
make -C util all
make[4]: Entering directory `/home/shivam/Courses/cs631/postgresql/src/backend/optimizer/util'
make[4]: Nothing to be done for `all'.
make[4]: Leaving directory `/home/shivam/Courses/cs631/postgresql/src/backend/optimizer/util'
make[3]: Leaving directory `/home/shivam/Courses/cs631/postgresql/src/backend/optimizer'
make -C port all
make[3]: Entering directory `/home/shivam/Courses/cs631/postgresql/src/backend/port'
make[3]: Nothing to be done for `all'.
make[3]: Leaving directory `/home/shivam/Courses/cs631/postgresql/src/backend/port'
make -C postmaster all
make[3]: Entering directory `/home/shivam/Courses/cs631/postgresql/src/backend/postmaster'
make[3]: Nothing to be done for `all'.
make[3]: Leaving directory `/home/shivam/Courses/cs631/postgresql/src/backend/postmaster'
make -C regex all
make[3]: Entering directory `/home/shivam/Courses/cs631/postgresql/src/backend/regex'
make[3]: Nothing to be done for `all'.
make[3]: Leaving directory `/home/shivam/Courses/cs631/postgresql/src/backend/regex'
make -C replication all
make[3]: Entering directory `/home/shivam/Courses/cs631/postgresql/src/backend/replication'
make[3]: Nothing to be done for `all'.
make[3]: Leaving directory `/home/shivam/Courses/cs631/postgresql/src/backend/replication'
make -C rewrite all
make[3]: Entering directory `/home/shivam/Courses/cs631/postgresql/src/backend/rewrite'
make[3]: Nothing to be done for `all'.
make[3]: Leaving directory `/home/shivam/Courses/cs631/postgresql/src/backend/rewrite'
make -C storage all
make[3]: Entering directory `/home/shivam/Courses/cs631/postgresql/src/backend/storage'
make -C buffer all
make[4]: Entering directory `/home/shivam/Courses/cs631/postgresql/src/backend/storage/buffer'
make[4]: Nothing to be done for `all'.
make[4]: Leaving directory `/home/shivam/Courses/cs631/postgresql/src/backend/storage/buffer'
make -C file all
make[4]: Entering directory `/home/shivam/Courses/cs631/postgresql/src/backend/storage/file'
make[4]: Nothing to be done for `all'.
make[4]: Leaving directory `/home/shivam/Courses/cs631/postgresql/src/backend/storage/file'
make -C freespace all
make[4]: Entering directory `/home/shivam/Courses/cs631/postgresql/src/backend/storage/freespace'
make[4]: Nothing to be done for `all'.
make[4]: Leaving directory `/home/shivam/Courses/cs631/postgresql/src/backend/storage/freespace'
make -C ipc all
make[4]: Entering directory `/home/shivam/Courses/cs631/postgresql/src/backend/storage/ipc'
make[4]: Nothing to be done for `all'.
make[4]: Leaving directory `/home/shivam/Courses/cs631/postgresql/src/backend/storage/ipc'
make -C large_object all
make[4]: Entering directory `/home/shivam/Courses/cs631/postgresql/src/backend/storage/large_object'
make[4]: Nothing to be done for `all'.
make[4]: Leaving directory `/home/shivam/Courses/cs631/postgresql/src/backend/storage/large_object'
make -C lmgr all
make[4]: Entering directory `/home/shivam/Courses/cs631/postgresql/src/backend/storage/lmgr'
make[4]: Nothing to be done for `all'.
make[4]: Leaving directory `/home/shivam/Courses/cs631/postgresql/src/backend/storage/lmgr'
make -C page all
make[4]: Entering directory `/home/shivam/Courses/cs631/postgresql/src/backend/storage/page'
make[4]: Nothing to be done for `all'.
make[4]: Leaving directory `/home/shivam/Courses/cs631/postgresql/src/backend/storage/page'
make -C smgr all
make[4]: Entering directory `/home/shivam/Courses/cs631/postgresql/src/backend/storage/smgr'
make[4]: Nothing to be done for `all'.
make[4]: Leaving directory `/home/shivam/Courses/cs631/postgresql/src/backend/storage/smgr'
make[3]: Leaving directory `/home/shivam/Courses/cs631/postgresql/src/backend/storage'
make -C tcop all
make[3]: Entering directory `/home/shivam/Courses/cs631/postgresql/src/backend/tcop'
make[3]: Nothing to be done for `all'.
make[3]: Leaving directory `/home/shivam/Courses/cs631/postgresql/src/backend/tcop'
make -C tsearch all
make[3]: Entering directory `/home/shivam/Courses/cs631/postgresql/src/backend/tsearch'
make[3]: Nothing to be done for `all'.
make[3]: Leaving directory `/home/shivam/Courses/cs631/postgresql/src/backend/tsearch'
make -C utils all
make[3]: Entering directory `/home/shivam/Courses/cs631/postgresql/src/backend/utils'
make -C adt all
make[4]: Entering directory `/home/shivam/Courses/cs631/postgresql/src/backend/utils/adt'
make[4]: Nothing to be done for `all'.
make[4]: Leaving directory `/home/shivam/Courses/cs631/postgresql/src/backend/utils/adt'
make -C cache all
make[4]: Entering directory `/home/shivam/Courses/cs631/postgresql/src/backend/utils/cache'
make[4]: Nothing to be done for `all'.
make[4]: Leaving directory `/home/shivam/Courses/cs631/postgresql/src/backend/utils/cache'
make -C error all
make[4]: Entering directory `/home/shivam/Courses/cs631/postgresql/src/backend/utils/error'
make[4]: Nothing to be done for `all'.
make[4]: Leaving directory `/home/shivam/Courses/cs631/postgresql/src/backend/utils/error'
make -C fmgr all
make[4]: Entering directory `/home/shivam/Courses/cs631/postgresql/src/backend/utils/fmgr'
make[4]: Nothing to be done for `all'.
make[4]: Leaving directory `/home/shivam/Courses/cs631/postgresql/src/backend/utils/fmgr'
make -C hash all
make[4]: Entering directory `/home/shivam/Courses/cs631/postgresql/src/backend/utils/hash'
make[4]: Nothing to be done for `all'.
make[4]: Leaving directory `/home/shivam/Courses/cs631/postgresql/src/backend/utils/hash'
make -C init all
make[4]: Entering directory `/home/shivam/Courses/cs631/postgresql/src/backend/utils/init'
make[4]: Nothing to be done for `all'.
make[4]: Leaving directory `/home/shivam/Courses/cs631/postgresql/src/backend/utils/init'
make -C mb all
make[4]: Entering directory `/home/shivam/Courses/cs631/postgresql/src/backend/utils/mb'
make[4]: Nothing to be done for `all'.
make[4]: Leaving directory `/home/shivam/Courses/cs631/postgresql/src/backend/utils/mb'
make -C misc all
make[4]: Entering directory `/home/shivam/Courses/cs631/postgresql/src/backend/utils/misc'
make[4]: Nothing to be done for `all'.
make[4]: Leaving directory `/home/shivam/Courses/cs631/postgresql/src/backend/utils/misc'
make -C mmgr all
make[4]: Entering directory `/home/shivam/Courses/cs631/postgresql/src/backend/utils/mmgr'
make[4]: Nothing to be done for `all'.
make[4]: Leaving directory `/home/shivam/Courses/cs631/postgresql/src/backend/utils/mmgr'
make -C resowner all
make[4]: Entering directory `/home/shivam/Courses/cs631/postgresql/src/backend/utils/resowner'
make[4]: Nothing to be done for `all'.
make[4]: Leaving directory `/home/shivam/Courses/cs631/postgresql/src/backend/utils/resowner'
make -C sort all
make[4]: Entering directory `/home/shivam/Courses/cs631/postgresql/src/backend/utils/sort'
make[4]: Nothing to be done for `all'.
make[4]: Leaving directory `/home/shivam/Courses/cs631/postgresql/src/backend/utils/sort'
make -C time all
make[4]: Entering directory `/home/shivam/Courses/cs631/postgresql/src/backend/utils/time'
make[4]: Nothing to be done for `all'.
make[4]: Leaving directory `/home/shivam/Courses/cs631/postgresql/src/backend/utils/time'
make[3]: Leaving directory `/home/shivam/Courses/cs631/postgresql/src/backend/utils'
make -C ../../src/timezone all
make[3]: Entering directory `/home/shivam/Courses/cs631/postgresql/src/timezone'
make -C ../../src/port all
make[4]: Entering directory `/home/shivam/Courses/cs631/postgresql/src/port'
make -C ../backend submake-errcodes
make[5]: Entering directory `/home/shivam/Courses/cs631/postgresql/src/backend'
make[5]: Nothing to be done for `submake-errcodes'.
make[5]: Leaving directory `/home/shivam/Courses/cs631/postgresql/src/backend'
make[4]: Leaving directory `/home/shivam/Courses/cs631/postgresql/src/port'
make -C ../../src/common all
make[4]: Entering directory `/home/shivam/Courses/cs631/postgresql/src/common'
make -C ../backend submake-errcodes
make[5]: Entering directory `/home/shivam/Courses/cs631/postgresql/src/backend'
make[5]: Nothing to be done for `submake-errcodes'.
make[5]: Leaving directory `/home/shivam/Courses/cs631/postgresql/src/backend'
make[4]: Leaving directory `/home/shivam/Courses/cs631/postgresql/src/common'
make[3]: Leaving directory `/home/shivam/Courses/cs631/postgresql/src/timezone'
gcc -O2 -Wall -Wmissing-prototypes -Wpointer-arith -Wdeclaration-after-statement -Wendif-labels -Wmissing-format-attribute -Wformat-security -fno-strict-aliasing -fwrapv -fexcess-precision=standard -g -L../../src/port -L../../src/common -Wl,--as-needed -Wl,-rpath,'/home/shivam/Courses/cs631/postgresql/install/lib',--enable-new-dtags  -Wl,-E access/common/heaptuple.o access/common/indextuple.o access/common/printtup.o access/common/reloptions.o access/common/scankey.o access/common/tupconvert.o access/common/tupdesc.o access/gin/ginutil.o access/gin/gininsert.o access/gin/ginxlog.o access/gin/ginentrypage.o access/gin/gindatapage.o access/gin/ginbtree.o access/gin/ginscan.o access/gin/ginget.o access/gin/ginvacuum.o access/gin/ginarrayproc.o access/gin/ginbulk.o access/gin/ginfast.o access/gist/gist.o access/gist/gistutil.o access/gist/gistxlog.o access/gist/gistvacuum.o access/gist/gistget.o access/gist/gistscan.o access/gist/gistproc.o access/gist/gistsplit.o access/gist/gistbuild.o access/gist/gistbuildbuffers.o access/hash/hash.o access/hash/hashfunc.o access/hash/hashinsert.o access/hash/hashovfl.o access/hash/hashpage.o access/hash/hashscan.o access/hash/hashsearch.o access/hash/hashsort.o access/hash/hashutil.o access/heap/heapam.o access/heap/hio.o access/heap/pruneheap.o access/heap/rewriteheap.o access/heap/syncscan.o access/heap/tuptoaster.o access/heap/visibilitymap.o access/index/genam.o access/index/indexam.o access/nbtree/nbtcompare.o access/nbtree/nbtinsert.o access/nbtree/nbtpage.o access/nbtree/nbtree.o access/nbtree/nbtsearch.o access/nbtree/nbtutils.o access/nbtree/nbtsort.o access/nbtree/nbtxlog.o access/rmgrdesc/clogdesc.o access/rmgrdesc/dbasedesc.o access/rmgrdesc/gindesc.o access/rmgrdesc/gistdesc.o access/rmgrdesc/hashdesc.o access/rmgrdesc/heapdesc.o access/rmgrdesc/mxactdesc.o access/rmgrdesc/nbtdesc.o access/rmgrdesc/relmapdesc.o access/rmgrdesc/seqdesc.o access/rmgrdesc/smgrdesc.o access/rmgrdesc/spgdesc.o access/rmgrdesc/standbydesc.o access/rmgrdesc/tblspcdesc.o access/rmgrdesc/xactdesc.o access/rmgrdesc/xlogdesc.o access/spgist/spgutils.o access/spgist/spginsert.o access/spgist/spgscan.o access/spgist/spgvacuum.o access/spgist/spgdoinsert.o access/spgist/spgxlog.o access/spgist/spgtextproc.o access/spgist/spgquadtreeproc.o access/spgist/spgkdtreeproc.o access/transam/clog.o access/transam/transam.o access/transam/varsup.o access/transam/xact.o access/transam/rmgr.o access/transam/slru.o access/transam/subtrans.o access/transam/multixact.o access/transam/timeline.o access/transam/twophase.o access/transam/twophase_rmgr.o access/transam/xlog.o access/transam/xlogarchive.o access/transam/xlogfuncs.o access/transam/xlogreader.o access/transam/xlogutils.o bootstrap/bootparse.o bootstrap/bootstrap.o catalog/catalog.o catalog/dependency.o catalog/heap.o catalog/index.o catalog/indexing.o catalog/namespace.o catalog/aclchk.o catalog/objectaccess.o catalog/objectaddress.o catalog/pg_aggregate.o catalog/pg_collation.o catalog/pg_constraint.o catalog/pg_conversion.o catalog/pg_depend.o catalog/pg_enum.o catalog/pg_inherits.o catalog/pg_largeobject.o catalog/pg_namespace.o catalog/pg_operator.o catalog/pg_proc.o catalog/pg_range.o catalog/pg_db_role_setting.o catalog/pg_shdepend.o catalog/pg_type.o catalog/storage.o catalog/toasting.o parser/analyze.o parser/gram.o parser/keywords.o parser/kwlookup.o parser/parser.o parser/parse_agg.o parser/parse_clause.o parser/parse_coerce.o parser/parse_collate.o parser/parse_cte.o parser/parse_expr.o parser/parse_func.o parser/parse_node.o parser/parse_oper.o parser/parse_param.o parser/parse_relation.o parser/parse_target.o parser/parse_type.o parser/parse_utilcmd.o parser/scansup.o commands/aggregatecmds.o commands/alter.o commands/analyze.o commands/async.o commands/cluster.o commands/comment.o commands/collationcmds.o commands/constraint.o commands/conversioncmds.o commands/copy.o commands/createas.o commands/dbcommands.o commands/define.o commands/discard.o commands/dropcmds.o commands/event_trigger.o commands/explain.o commands/extension.o commands/foreigncmds.o commands/functioncmds.o commands/indexcmds.o commands/lockcmds.o commands/matview.o commands/operatorcmds.o commands/opclasscmds.o commands/portalcmds.o commands/prepare.o commands/proclang.o commands/schemacmds.o commands/seclabel.o commands/sequence.o commands/tablecmds.o commands/tablespace.o commands/trigger.o commands/tsearchcmds.o commands/typecmds.o commands/user.o commands/vacuum.o commands/vacuumlazy.o commands/variable.o commands/view.o executor/execAmi.o executor/execCurrent.o executor/execGrouping.o executor/execJunk.o executor/execMain.o executor/execProcnode.o executor/execQual.o executor/execScan.o executor/execTuples.o executor/execUtils.o executor/functions.o executor/instrument.o executor/nodeAppend.o executor/nodeAgg.o executor/nodeBitmapAnd.o executor/nodeBitmapOr.o executor/nodeBitmapHeapscan.o executor/nodeBitmapIndexscan.o executor/nodeHash.o executor/nodeHashjoin.o executor/nodeIndexscan.o executor/nodeIndexonlyscan.o executor/nodeLimit.o executor/nodeLockRows.o executor/nodeMaterial.o executor/nodeMergeAppend.o executor/nodeMergejoin.o executor/nodeModifyTable.o executor/nodeNestloop.o executor/nodeFunctionscan.o executor/nodeRecursiveunion.o executor/nodeResult.o executor/nodeSeqscan.o executor/nodeSetOp.o executor/nodeSort.o executor/nodeUnique.o executor/nodeValuesscan.o executor/nodeCtescan.o executor/nodeWorktablescan.o executor/nodeGroup.o executor/nodeSubplan.o executor/nodeSubqueryscan.o executor/nodeTidscan.o executor/nodeForeignscan.o executor/nodeWindowAgg.o executor/tstoreReceiver.o executor/spi.o foreign/foreign.o lib/ilist.o lib/binaryheap.o lib/stringinfo.o libpq/be-fsstubs.o libpq/be-secure.o libpq/auth.o libpq/crypt.o libpq/hba.o libpq/ip.o libpq/md5.o libpq/pqcomm.o libpq/pqformat.o libpq/pqsignal.o main/main.o nodes/nodeFuncs.o nodes/nodes.o nodes/list.o nodes/bitmapset.o nodes/tidbitmap.o nodes/copyfuncs.o nodes/equalfuncs.o nodes/makefuncs.o nodes/outfuncs.o nodes/readfuncs.o nodes/print.o nodes/read.o nodes/params.o nodes/value.o optimizer/geqo/geqo_copy.o optimizer/geqo/geqo_eval.o optimizer/geqo/geqo_main.o optimizer/geqo/geqo_misc.o optimizer/geqo/geqo_mutation.o optimizer/geqo/geqo_pool.o optimizer/geqo/geqo_random.o optimizer/geqo/geqo_recombination.o optimizer/geqo/geqo_selection.o optimizer/geqo/geqo_erx.o optimizer/geqo/geqo_pmx.o optimizer/geqo/geqo_cx.o optimizer/geqo/geqo_px.o optimizer/geqo/geqo_ox1.o optimizer/geqo/geqo_ox2.o optimizer/path/allpaths.o optimizer/path/clausesel.o optimizer/path/costsize.o optimizer/path/equivclass.o optimizer/path/indxpath.o optimizer/path/joinpath.o optimizer/path/joinrels.o optimizer/path/orindxpath.o optimizer/path/pathkeys.o optimizer/path/tidpath.o optimizer/plan/analyzejoins.o optimizer/plan/createplan.o optimizer/plan/initsplan.o optimizer/plan/planagg.o optimizer/plan/planmain.o optimizer/plan/planner.o optimizer/plan/setrefs.o optimizer/plan/subselect.o optimizer/prep/prepjointree.o optimizer/prep/prepqual.o optimizer/prep/preptlist.o optimizer/prep/prepunion.o optimizer/util/clauses.o optimizer/util/joininfo.o optimizer/util/pathnode.o optimizer/util/placeholder.o optimizer/util/plancat.o optimizer/util/predtest.o optimizer/util/relnode.o optimizer/util/restrictinfo.o optimizer/util/tlist.o optimizer/util/var.o port/dynloader.o port/pg_sema.o port/pg_shmem.o port/pg_latch.o postmaster/autovacuum.o postmaster/bgwriter.o postmaster/fork_process.o postmaster/pgarch.o postmaster/pgstat.o postmaster/postmaster.o postmaster/startup.o postmaster/syslogger.o postmaster/walwriter.o postmaster/checkpointer.o regex/regcomp.o regex/regerror.o regex/regexec.o regex/regfree.o regex/regprefix.o regex/regexport.o replication/walsender.o replication/walreceiverfuncs.o replication/walreceiver.o replication/basebackup.o replication/repl_gram.o replication/syncrep.o rewrite/rewriteRemove.o rewrite/rewriteDefine.o rewrite/rewriteHandler.o rewrite/rewriteManip.o rewrite/rewriteSupport.o storage/buffer/buf_table.o storage/buffer/buf_init.o storage/buffer/bufmgr.o storage/buffer/freelist.o storage/buffer/localbuf.o storage/file/fd.o storage/file/buffile.o storage/file/copydir.o storage/file/reinit.o storage/freespace/freespace.o storage/freespace/fsmpage.o storage/freespace/indexfsm.o storage/ipc/ipc.o storage/ipc/ipci.o storage/ipc/pmsignal.o storage/ipc/procarray.o storage/ipc/procsignal.o storage/ipc/shmem.o storage/ipc/shmqueue.o storage/ipc/sinval.o storage/ipc/sinvaladt.o storage/ipc/standby.o storage/large_object/inv_api.o storage/lmgr/lmgr.o storage/lmgr/lock.o storage/lmgr/proc.o storage/lmgr/deadlock.o storage/lmgr/lwlock.o storage/lmgr/spin.o storage/lmgr/s_lock.o storage/lmgr/predicate.o storage/page/bufpage.o storage/page/checksum.o storage/page/itemptr.o storage/smgr/md.o storage/smgr/smgr.o storage/smgr/smgrtype.o tcop/dest.o tcop/fastpath.o tcop/postgres.o tcop/pquery.o tcop/utility.o tsearch/ts_locale.o tsearch/ts_parse.o tsearch/wparser.o tsearch/wparser_def.o tsearch/dict.o tsearch/dict_simple.o tsearch/dict_synonym.o tsearch/dict_thesaurus.o tsearch/dict_ispell.o tsearch/regis.o tsearch/spell.o tsearch/to_tsany.o tsearch/ts_selfuncs.o tsearch/ts_typanalyze.o tsearch/ts_utils.o utils/adt/acl.o utils/adt/arrayfuncs.o utils/adt/array_selfuncs.o utils/adt/array_typanalyze.o utils/adt/array_userfuncs.o utils/adt/arrayutils.o utils/adt/bool.o utils/adt/cash.o utils/adt/char.o utils/adt/date.o utils/adt/datetime.o utils/adt/datum.o utils/adt/domains.o utils/adt/enum.o utils/adt/float.o utils/adt/format_type.o utils/adt/geo_ops.o utils/adt/geo_selfuncs.o utils/adt/int.o utils/adt/int8.o utils/adt/json.o utils/adt/jsonfuncs.o utils/adt/like.o utils/adt/lockfuncs.o utils/adt/misc.o utils/adt/nabstime.o utils/adt/name.o utils/adt/numeric.o utils/adt/numutils.o utils/adt/oid.o utils/adt/oracle_compat.o utils/adt/pseudotypes.o utils/adt/rangetypes.o utils/adt/rangetypes_gist.o utils/adt/rowtypes.o utils/adt/regexp.o utils/adt/regproc.o utils/adt/ruleutils.o utils/adt/selfuncs.o utils/adt/tid.o utils/adt/timestamp.o utils/adt/varbit.o utils/adt/varchar.o utils/adt/varlena.o utils/adt/version.o utils/adt/xid.o utils/adt/network.o utils/adt/mac.o utils/adt/inet_cidr_ntop.o utils/adt/inet_net_pton.o utils/adt/ri_triggers.o utils/adt/pg_lzcompress.o utils/adt/pg_locale.o utils/adt/formatting.o utils/adt/ascii.o utils/adt/quote.o utils/adt/pgstatfuncs.o utils/adt/encode.o utils/adt/dbsize.o utils/adt/genfile.o utils/adt/trigfuncs.o utils/adt/tsginidx.o utils/adt/tsgistidx.o utils/adt/tsquery.o utils/adt/tsquery_cleanup.o utils/adt/tsquery_gist.o utils/adt/tsquery_op.o utils/adt/tsquery_rewrite.o utils/adt/tsquery_util.o utils/adt/tsrank.o utils/adt/tsvector.o utils/adt/tsvector_op.o utils/adt/tsvector_parser.o utils/adt/txid.o utils/adt/uuid.o utils/adt/windowfuncs.o utils/adt/xml.o utils/adt/rangetypes_spgist.o utils/adt/rangetypes_typanalyze.o utils/adt/rangetypes_selfuncs.o utils/cache/attoptcache.o utils/cache/catcache.o utils/cache/evtcache.o utils/cache/inval.o utils/cache/plancache.o utils/cache/relcache.o utils/cache/relmapper.o utils/cache/spccache.o utils/cache/syscache.o utils/cache/lsyscache.o utils/cache/typcache.o utils/cache/ts_cache.o utils/error/assert.o utils/error/elog.o utils/fmgr/dfmgr.o utils/fmgr/fmgr.o utils/fmgr/funcapi.o utils/hash/dynahash.o utils/hash/hashfn.o utils/init/globals.o utils/init/miscinit.o utils/init/postinit.o utils/mb/encnames.o utils/mb/conv.o utils/mb/mbutils.o utils/mb/wchar.o utils/mb/wstrcmp.o utils/mb/wstrncmp.o utils/misc/guc.o utils/misc/help_config.o utils/misc/pg_rusage.o utils/misc/ps_status.o utils/misc/rbtree.o utils/misc/superuser.o utils/misc/timeout.o utils/misc/tzparser.o utils/mmgr/aset.o utils/mmgr/mcxt.o utils/mmgr/portalmem.o utils/resowner/resowner.o utils/sort/logtape.o utils/sort/sortsupport.o utils/sort/tuplesort.o utils/sort/tuplestore.o utils/time/combocid.o utils/time/tqual.o utils/time/snapmgr.o utils/fmgrtab.o ../../src/timezone/localtime.o ../../src/timezone/strftime.o ../../src/timezone/pgtz.o ../../src/port/libpgport_srv.a ../../src/common/libpgcommon_srv.a -lcrypt -ldl -lm -o postgres
make[2]: Leaving directory `/home/shivam/Courses/cs631/postgresql/src/backend'
make -C backend/utils/mb/conversion_procs all
make[2]: Entering directory `/home/shivam/Courses/cs631/postgresql/src/backend/utils/mb/conversion_procs'
make -C ascii_and_mic all
make[3]: Entering directory `/home/shivam/Courses/cs631/postgresql/src/backend/utils/mb/conversion_procs/ascii_and_mic'
make[3]: Nothing to be done for `all'.
make[3]: Leaving directory `/home/shivam/Courses/cs631/postgresql/src/backend/utils/mb/conversion_procs/ascii_and_mic'
make -C cyrillic_and_mic all
make[3]: Entering directory `/home/shivam/Courses/cs631/postgresql/src/backend/utils/mb/conversion_procs/cyrillic_and_mic'
make[3]: Nothing to be done for `all'.
make[3]: Leaving directory `/home/shivam/Courses/cs631/postgresql/src/backend/utils/mb/conversion_procs/cyrillic_and_mic'
make -C euc_cn_and_mic all
make[3]: Entering directory `/home/shivam/Courses/cs631/postgresql/src/backend/utils/mb/conversion_procs/euc_cn_and_mic'
make[3]: Nothing to be done for `all'.
make[3]: Leaving directory `/home/shivam/Courses/cs631/postgresql/src/backend/utils/mb/conversion_procs/euc_cn_and_mic'
make -C euc_jp_and_sjis all
make[3]: Entering directory `/home/shivam/Courses/cs631/postgresql/src/backend/utils/mb/conversion_procs/euc_jp_and_sjis'
make[3]: Nothing to be done for `all'.
make[3]: Leaving directory `/home/shivam/Courses/cs631/postgresql/src/backend/utils/mb/conversion_procs/euc_jp_and_sjis'
make -C euc_kr_and_mic all
make[3]: Entering directory `/home/shivam/Courses/cs631/postgresql/src/backend/utils/mb/conversion_procs/euc_kr_and_mic'
make[3]: Nothing to be done for `all'.
make[3]: Leaving directory `/home/shivam/Courses/cs631/postgresql/src/backend/utils/mb/conversion_procs/euc_kr_and_mic'
make -C euc_tw_and_big5 all
make[3]: Entering directory `/home/shivam/Courses/cs631/postgresql/src/backend/utils/mb/conversion_procs/euc_tw_and_big5'
make[3]: Nothing to be done for `all'.
make[3]: Leaving directory `/home/shivam/Courses/cs631/postgresql/src/backend/utils/mb/conversion_procs/euc_tw_and_big5'
make -C latin2_and_win1250 all
make[3]: Entering directory `/home/shivam/Courses/cs631/postgresql/src/backend/utils/mb/conversion_procs/latin2_and_win1250'
make[3]: Nothing to be done for `all'.
make[3]: Leaving directory `/home/shivam/Courses/cs631/postgresql/src/backend/utils/mb/conversion_procs/latin2_and_win1250'
make -C latin_and_mic all
make[3]: Entering directory `/home/shivam/Courses/cs631/postgresql/src/backend/utils/mb/conversion_procs/latin_and_mic'
make[3]: Nothing to be done for `all'.
make[3]: Leaving directory `/home/shivam/Courses/cs631/postgresql/src/backend/utils/mb/conversion_procs/latin_and_mic'
make -C utf8_and_ascii all
make[3]: Entering directory `/home/shivam/Courses/cs631/postgresql/src/backend/utils/mb/conversion_procs/utf8_and_ascii'
make[3]: Nothing to be done for `all'.
make[3]: Leaving directory `/home/shivam/Courses/cs631/postgresql/src/backend/utils/mb/conversion_procs/utf8_and_ascii'
make -C utf8_and_big5 all
make[3]: Entering directory `/home/shivam/Courses/cs631/postgresql/src/backend/utils/mb/conversion_procs/utf8_and_big5'
make[3]: Nothing to be done for `all'.
make[3]: Leaving directory `/home/shivam/Courses/cs631/postgresql/src/backend/utils/mb/conversion_procs/utf8_and_big5'
make -C utf8_and_cyrillic all
make[3]: Entering directory `/home/shivam/Courses/cs631/postgresql/src/backend/utils/mb/conversion_procs/utf8_and_cyrillic'
make[3]: Nothing to be done for `all'.
make[3]: Leaving directory `/home/shivam/Courses/cs631/postgresql/src/backend/utils/mb/conversion_procs/utf8_and_cyrillic'
make -C utf8_and_euc_cn all
make[3]: Entering directory `/home/shivam/Courses/cs631/postgresql/src/backend/utils/mb/conversion_procs/utf8_and_euc_cn'
make[3]: Nothing to be done for `all'.
make[3]: Leaving directory `/home/shivam/Courses/cs631/postgresql/src/backend/utils/mb/conversion_procs/utf8_and_euc_cn'
make -C utf8_and_euc_jp all
make[3]: Entering directory `/home/shivam/Courses/cs631/postgresql/src/backend/utils/mb/conversion_procs/utf8_and_euc_jp'
make[3]: Nothing to be done for `all'.
make[3]: Leaving directory `/home/shivam/Courses/cs631/postgresql/src/backend/utils/mb/conversion_procs/utf8_and_euc_jp'
make -C utf8_and_euc_kr all
make[3]: Entering directory `/home/shivam/Courses/cs631/postgresql/src/backend/utils/mb/conversion_procs/utf8_and_euc_kr'
make[3]: Nothing to be done for `all'.
make[3]: Leaving directory `/home/shivam/Courses/cs631/postgresql/src/backend/utils/mb/conversion_procs/utf8_and_euc_kr'
make -C utf8_and_euc_tw all
make[3]: Entering directory `/home/shivam/Courses/cs631/postgresql/src/backend/utils/mb/conversion_procs/utf8_and_euc_tw'
make[3]: Nothing to be done for `all'.
make[3]: Leaving directory `/home/shivam/Courses/cs631/postgresql/src/backend/utils/mb/conversion_procs/utf8_and_euc_tw'
make -C utf8_and_gb18030 all
make[3]: Entering directory `/home/shivam/Courses/cs631/postgresql/src/backend/utils/mb/conversion_procs/utf8_and_gb18030'
make[3]: Nothing to be done for `all'.
make[3]: Leaving directory `/home/shivam/Courses/cs631/postgresql/src/backend/utils/mb/conversion_procs/utf8_and_gb18030'
make -C utf8_and_gbk all
make[3]: Entering directory `/home/shivam/Courses/cs631/postgresql/src/backend/utils/mb/conversion_procs/utf8_and_gbk'
make[3]: Nothing to be done for `all'.
make[3]: Leaving directory `/home/shivam/Courses/cs631/postgresql/src/backend/utils/mb/conversion_procs/utf8_and_gbk'
make -C utf8_and_iso8859 all
make[3]: Entering directory `/home/shivam/Courses/cs631/postgresql/src/backend/utils/mb/conversion_procs/utf8_and_iso8859'
make[3]: Nothing to be done for `all'.
make[3]: Leaving directory `/home/shivam/Courses/cs631/postgresql/src/backend/utils/mb/conversion_procs/utf8_and_iso8859'
make -C utf8_and_iso8859_1 all
make[3]: Entering directory `/home/shivam/Courses/cs631/postgresql/src/backend/utils/mb/conversion_procs/utf8_and_iso8859_1'
make[3]: Nothing to be done for `all'.
make[3]: Leaving directory `/home/shivam/Courses/cs631/postgresql/src/backend/utils/mb/conversion_procs/utf8_and_iso8859_1'
make -C utf8_and_johab all
make[3]: Entering directory `/home/shivam/Courses/cs631/postgresql/src/backend/utils/mb/conversion_procs/utf8_and_johab'
make[3]: Nothing to be done for `all'.
make[3]: Leaving directory `/home/shivam/Courses/cs631/postgresql/src/backend/utils/mb/conversion_procs/utf8_and_johab'
make -C utf8_and_sjis all
make[3]: Entering directory `/home/shivam/Courses/cs631/postgresql/src/backend/utils/mb/conversion_procs/utf8_and_sjis'
make[3]: Nothing to be done for `all'.
make[3]: Leaving directory `/home/shivam/Courses/cs631/postgresql/src/backend/utils/mb/conversion_procs/utf8_and_sjis'
make -C utf8_and_win all
make[3]: Entering directory `/home/shivam/Courses/cs631/postgresql/src/backend/utils/mb/conversion_procs/utf8_and_win'
make[3]: Nothing to be done for `all'.
make[3]: Leaving directory `/home/shivam/Courses/cs631/postgresql/src/backend/utils/mb/conversion_procs/utf8_and_win'
make -C utf8_and_uhc all
make[3]: Entering directory `/home/shivam/Courses/cs631/postgresql/src/backend/utils/mb/conversion_procs/utf8_and_uhc'
make[3]: Nothing to be done for `all'.
make[3]: Leaving directory `/home/shivam/Courses/cs631/postgresql/src/backend/utils/mb/conversion_procs/utf8_and_uhc'
make -C utf8_and_euc2004 all
make[3]: Entering directory `/home/shivam/Courses/cs631/postgresql/src/backend/utils/mb/conversion_procs/utf8_and_euc2004'
make[3]: Nothing to be done for `all'.
make[3]: Leaving directory `/home/shivam/Courses/cs631/postgresql/src/backend/utils/mb/conversion_procs/utf8_and_euc2004'
make -C utf8_and_sjis2004 all
make[3]: Entering directory `/home/shivam/Courses/cs631/postgresql/src/backend/utils/mb/conversion_procs/utf8_and_sjis2004'
make[3]: Nothing to be done for `all'.
make[3]: Leaving directory `/home/shivam/Courses/cs631/postgresql/src/backend/utils/mb/conversion_procs/utf8_and_sjis2004'
make -C euc2004_sjis2004 all
make[3]: Entering directory `/home/shivam/Courses/cs631/postgresql/src/backend/utils/mb/conversion_procs/euc2004_sjis2004'
make[3]: Nothing to be done for `all'.
make[3]: Leaving directory `/home/shivam/Courses/cs631/postgresql/src/backend/utils/mb/conversion_procs/euc2004_sjis2004'
make[2]: Leaving directory `/home/shivam/Courses/cs631/postgresql/src/backend/utils/mb/conversion_procs'
make -C backend/snowball all
make[2]: Entering directory `/home/shivam/Courses/cs631/postgresql/src/backend/snowball'
make[2]: Nothing to be done for `all'.
make[2]: Leaving directory `/home/shivam/Courses/cs631/postgresql/src/backend/snowball'
make -C include all
make[2]: Entering directory `/home/shivam/Courses/cs631/postgresql/src/include'
make[2]: Nothing to be done for `all'.
make[2]: Leaving directory `/home/shivam/Courses/cs631/postgresql/src/include'
make -C interfaces all
make[2]: Entering directory `/home/shivam/Courses/cs631/postgresql/src/interfaces'
make -C libpq all
make[3]: Entering directory `/home/shivam/Courses/cs631/postgresql/src/interfaces/libpq'
make[3]: Nothing to be done for `all'.
make[3]: Leaving directory `/home/shivam/Courses/cs631/postgresql/src/interfaces/libpq'
make -C ecpg all
make[3]: Entering directory `/home/shivam/Courses/cs631/postgresql/src/interfaces/ecpg'
make -C include all
make[4]: Entering directory `/home/shivam/Courses/cs631/postgresql/src/interfaces/ecpg/include'
make[4]: Nothing to be done for `all'.
make[4]: Leaving directory `/home/shivam/Courses/cs631/postgresql/src/interfaces/ecpg/include'
make -C pgtypeslib all
make[4]: Entering directory `/home/shivam/Courses/cs631/postgresql/src/interfaces/ecpg/pgtypeslib'
make[4]: Nothing to be done for `all'.
make[4]: Leaving directory `/home/shivam/Courses/cs631/postgresql/src/interfaces/ecpg/pgtypeslib'
make -C ecpglib all
make[4]: Entering directory `/home/shivam/Courses/cs631/postgresql/src/interfaces/ecpg/ecpglib'
make -C ../../../../src/interfaces/libpq all
make[5]: Entering directory `/home/shivam/Courses/cs631/postgresql/src/interfaces/libpq'
make[5]: Nothing to be done for `all'.
make[5]: Leaving directory `/home/shivam/Courses/cs631/postgresql/src/interfaces/libpq'
make -C ../../../../src/interfaces/ecpg/pgtypeslib all
make[5]: Entering directory `/home/shivam/Courses/cs631/postgresql/src/interfaces/ecpg/pgtypeslib'
make[5]: Nothing to be done for `all'.
make[5]: Leaving directory `/home/shivam/Courses/cs631/postgresql/src/interfaces/ecpg/pgtypeslib'
make[4]: Leaving directory `/home/shivam/Courses/cs631/postgresql/src/interfaces/ecpg/ecpglib'
make -C compatlib all
make[4]: Entering directory `/home/shivam/Courses/cs631/postgresql/src/interfaces/ecpg/compatlib'
make -C ../../../../src/interfaces/ecpg/ecpglib all
make[5]: Entering directory `/home/shivam/Courses/cs631/postgresql/src/interfaces/ecpg/ecpglib'
make -C ../../../../src/interfaces/libpq all
make[6]: Entering directory `/home/shivam/Courses/cs631/postgresql/src/interfaces/libpq'
make[6]: Nothing to be done for `all'.
make[6]: Leaving directory `/home/shivam/Courses/cs631/postgresql/src/interfaces/libpq'
make -C ../../../../src/interfaces/ecpg/pgtypeslib all
make[6]: Entering directory `/home/shivam/Courses/cs631/postgresql/src/interfaces/ecpg/pgtypeslib'
make[6]: Nothing to be done for `all'.
make[6]: Leaving directory `/home/shivam/Courses/cs631/postgresql/src/interfaces/ecpg/pgtypeslib'
make[5]: Leaving directory `/home/shivam/Courses/cs631/postgresql/src/interfaces/ecpg/ecpglib'
make -C ../../../../src/interfaces/ecpg/pgtypeslib all
make[5]: Entering directory `/home/shivam/Courses/cs631/postgresql/src/interfaces/ecpg/pgtypeslib'
make[5]: Nothing to be done for `all'.
make[5]: Leaving directory `/home/shivam/Courses/cs631/postgresql/src/interfaces/ecpg/pgtypeslib'
make[4]: Leaving directory `/home/shivam/Courses/cs631/postgresql/src/interfaces/ecpg/compatlib'
make -C preproc all
make[4]: Entering directory `/home/shivam/Courses/cs631/postgresql/src/interfaces/ecpg/preproc'
'/usr/bin/perl' ./parse.pl . < ../../../backend/parser/gram.y > preproc.y
'/usr/bin/perl' ./check_rules.pl . ../../../backend/parser/gram.y
/usr/bin/bison -d -o preproc.c preproc.y
gcc -O2 -Wall -Wmissing-prototypes -Wpointer-arith -Wdeclaration-after-statement -Wendif-labels -Wmissing-format-attribute -Wformat-security -fno-strict-aliasing -fwrapv -fexcess-precision=standard -g -pthread  -D_REENTRANT -D_THREAD_SAFE -D_POSIX_PTHREAD_SEMANTICS -DECPG_COMPILE -I../include -I../../../../src/interfaces/ecpg/include -I. -I. -DMAJOR_VERSION=4 -DMINOR_VERSION=9 -DPATCHLEVEL=0 -I../../../../src/include -D_GNU_SOURCE   -c -o preproc.o preproc.c
gcc -O2 -Wall -Wmissing-prototypes -Wpointer-arith -Wdeclaration-after-statement -Wendif-labels -Wmissing-format-attribute -Wformat-security -fno-strict-aliasing -fwrapv -fexcess-precision=standard -g -pthread  -D_REENTRANT -D_THREAD_SAFE -D_POSIX_PTHREAD_SEMANTICS -DECPG_COMPILE -I../include -I../../../../src/interfaces/ecpg/include -I. -I. -DMAJOR_VERSION=4 -DMINOR_VERSION=9 -DPATCHLEVEL=0 -I../../../../src/include -D_GNU_SOURCE   -c -o parser.o parser.c
gcc -O2 -Wall -Wmissing-prototypes -Wpointer-arith -Wdeclaration-after-statement -Wendif-labels -Wmissing-format-attribute -Wformat-security -fno-strict-aliasing -fwrapv -fexcess-precision=standard -g -pthread  -D_REENTRANT -D_THREAD_SAFE -D_POSIX_PTHREAD_SEMANTICS -DECPG_COMPILE -I../include -I../../../../src/interfaces/ecpg/include -I. -I. -DMAJOR_VERSION=4 -DMINOR_VERSION=9 -DPATCHLEVEL=0 -I../../../../src/include -D_GNU_SOURCE   -c -o keywords.o keywords.c
gcc -O2 -Wall -Wmissing-prototypes -Wpointer-arith -Wdeclaration-after-statement -Wendif-labels -Wmissing-format-attribute -Wformat-security -fno-strict-aliasing -fwrapv -fexcess-precision=standard -g -pthread  -D_REENTRANT -D_THREAD_SAFE -D_POSIX_PTHREAD_SEMANTICS -DECPG_COMPILE -I../include -I../../../../src/interfaces/ecpg/include -I. -I. -DMAJOR_VERSION=4 -DMINOR_VERSION=9 -DPATCHLEVEL=0 -I../../../../src/include -D_GNU_SOURCE   -c -o c_keywords.o c_keywords.c
gcc -O2 -Wall -Wmissing-prototypes -Wpointer-arith -Wdeclaration-after-statement -Wendif-labels -Wmissing-format-attribute -Wformat-security -fno-strict-aliasing -fwrapv -fexcess-precision=standard -g -pthread  -D_REENTRANT -D_THREAD_SAFE -D_POSIX_PTHREAD_SEMANTICS -DECPG_COMPILE -I../include -I../../../../src/interfaces/ecpg/include -I. -I. -DMAJOR_VERSION=4 -DMINOR_VERSION=9 -DPATCHLEVEL=0 -I../../../../src/include -D_GNU_SOURCE   -c -o ecpg_keywords.o ecpg_keywords.c
make -C ../../../../src/port all
make[5]: Entering directory `/home/shivam/Courses/cs631/postgresql/src/port'
make -C ../backend submake-errcodes
make[6]: Entering directory `/home/shivam/Courses/cs631/postgresql/src/backend'
make[6]: Nothing to be done for `submake-errcodes'.
make[6]: Leaving directory `/home/shivam/Courses/cs631/postgresql/src/backend'
make[5]: Leaving directory `/home/shivam/Courses/cs631/postgresql/src/port'
make -C ../../../../src/common all
make[5]: Entering directory `/home/shivam/Courses/cs631/postgresql/src/common'
make -C ../backend submake-errcodes
make[6]: Entering directory `/home/shivam/Courses/cs631/postgresql/src/backend'
make[6]: Nothing to be done for `submake-errcodes'.
make[6]: Leaving directory `/home/shivam/Courses/cs631/postgresql/src/backend'
make[5]: Leaving directory `/home/shivam/Courses/cs631/postgresql/src/common'
gcc -O2 -Wall -Wmissing-prototypes -Wpointer-arith -Wdeclaration-after-statement -Wendif-labels -Wmissing-format-attribute -Wformat-security -fno-strict-aliasing -fwrapv -fexcess-precision=standard -g -pthread  -D_REENTRANT -D_THREAD_SAFE -D_POSIX_PTHREAD_SEMANTICS -DECPG_COMPILE -L../../../../src/port -L../../../../src/common -Wl,--as-needed -Wl,-rpath,'/home/shivam/Courses/cs631/postgresql/install/lib',--enable-new-dtags  preproc.o type.o ecpg.o output.o parser.o keywords.o c_keywords.o ecpg_keywords.o kwlookup.o ../ecpglib/typename.o descriptor.o variable.o -lpgport -lpgcommon -lz -lreadline -lcrypt -ldl -lm  -lpthread    -o ecpg
make[4]: Leaving directory `/home/shivam/Courses/cs631/postgresql/src/interfaces/ecpg/preproc'
make[3]: Leaving directory `/home/shivam/Courses/cs631/postgresql/src/interfaces/ecpg'
make[2]: Leaving directory `/home/shivam/Courses/cs631/postgresql/src/interfaces'
make -C backend/replication/libpqwalreceiver all
make[2]: Entering directory `/home/shivam/Courses/cs631/postgresql/src/backend/replication/libpqwalreceiver'
make -C ../../../../src/interfaces/libpq all
make[3]: Entering directory `/home/shivam/Courses/cs631/postgresql/src/interfaces/libpq'
make[3]: Nothing to be done for `all'.
make[3]: Leaving directory `/home/shivam/Courses/cs631/postgresql/src/interfaces/libpq'
make[2]: Leaving directory `/home/shivam/Courses/cs631/postgresql/src/backend/replication/libpqwalreceiver'
make -C bin all
make[2]: Entering directory `/home/shivam/Courses/cs631/postgresql/src/bin'
make -C initdb all
make[3]: Entering directory `/home/shivam/Courses/cs631/postgresql/src/bin/initdb'
make -C ../../../src/port all
make[4]: Entering directory `/home/shivam/Courses/cs631/postgresql/src/port'
make -C ../backend submake-errcodes
make[5]: Entering directory `/home/shivam/Courses/cs631/postgresql/src/backend'
make[5]: Nothing to be done for `submake-errcodes'.
make[5]: Leaving directory `/home/shivam/Courses/cs631/postgresql/src/backend'
make[4]: Leaving directory `/home/shivam/Courses/cs631/postgresql/src/port'
make -C ../../../src/common all
make[4]: Entering directory `/home/shivam/Courses/cs631/postgresql/src/common'
make -C ../backend submake-errcodes
make[5]: Entering directory `/home/shivam/Courses/cs631/postgresql/src/backend'
make[5]: Nothing to be done for `submake-errcodes'.
make[5]: Leaving directory `/home/shivam/Courses/cs631/postgresql/src/backend'
make[4]: Leaving directory `/home/shivam/Courses/cs631/postgresql/src/common'
make[3]: Leaving directory `/home/shivam/Courses/cs631/postgresql/src/bin/initdb'
make -C pg_ctl all
make[3]: Entering directory `/home/shivam/Courses/cs631/postgresql/src/bin/pg_ctl'
make -C ../../../src/interfaces/libpq all
make[4]: Entering directory `/home/shivam/Courses/cs631/postgresql/src/interfaces/libpq'
make[4]: Nothing to be done for `all'.
make[4]: Leaving directory `/home/shivam/Courses/cs631/postgresql/src/interfaces/libpq'
make -C ../../../src/port all
make[4]: Entering directory `/home/shivam/Courses/cs631/postgresql/src/port'
make -C ../backend submake-errcodes
make[5]: Entering directory `/home/shivam/Courses/cs631/postgresql/src/backend'
make[5]: Nothing to be done for `submake-errcodes'.
make[5]: Leaving directory `/home/shivam/Courses/cs631/postgresql/src/backend'
make[4]: Leaving directory `/home/shivam/Courses/cs631/postgresql/src/port'
make -C ../../../src/common all
make[4]: Entering directory `/home/shivam/Courses/cs631/postgresql/src/common'
make -C ../backend submake-errcodes
make[5]: Entering directory `/home/shivam/Courses/cs631/postgresql/src/backend'
make[5]: Nothing to be done for `submake-errcodes'.
make[5]: Leaving directory `/home/shivam/Courses/cs631/postgresql/src/backend'
make[4]: Leaving directory `/home/shivam/Courses/cs631/postgresql/src/common'
make[3]: Leaving directory `/home/shivam/Courses/cs631/postgresql/src/bin/pg_ctl'
make -C pg_dump all
make[3]: Entering directory `/home/shivam/Courses/cs631/postgresql/src/bin/pg_dump'
make -C ../../../src/interfaces/libpq all
make[4]: Entering directory `/home/shivam/Courses/cs631/postgresql/src/interfaces/libpq'
make[4]: Nothing to be done for `all'.
make[4]: Leaving directory `/home/shivam/Courses/cs631/postgresql/src/interfaces/libpq'
make -C ../../../src/port all
make[4]: Entering directory `/home/shivam/Courses/cs631/postgresql/src/port'
make -C ../backend submake-errcodes
make[5]: Entering directory `/home/shivam/Courses/cs631/postgresql/src/backend'
make[5]: Nothing to be done for `submake-errcodes'.
make[5]: Leaving directory `/home/shivam/Courses/cs631/postgresql/src/backend'
make[4]: Leaving directory `/home/shivam/Courses/cs631/postgresql/src/port'
make -C ../../../src/common all
make[4]: Entering directory `/home/shivam/Courses/cs631/postgresql/src/common'
make -C ../backend submake-errcodes
make[5]: Entering directory `/home/shivam/Courses/cs631/postgresql/src/backend'
make[5]: Nothing to be done for `submake-errcodes'.
make[5]: Leaving directory `/home/shivam/Courses/cs631/postgresql/src/backend'
make[4]: Leaving directory `/home/shivam/Courses/cs631/postgresql/src/common'
make[3]: Leaving directory `/home/shivam/Courses/cs631/postgresql/src/bin/pg_dump'
make -C psql all
make[3]: Entering directory `/home/shivam/Courses/cs631/postgresql/src/bin/psql'
make -C ../../../src/interfaces/libpq all
make[4]: Entering directory `/home/shivam/Courses/cs631/postgresql/src/interfaces/libpq'
make[4]: Nothing to be done for `all'.
make[4]: Leaving directory `/home/shivam/Courses/cs631/postgresql/src/interfaces/libpq'
make -C ../../../src/port all
make[4]: Entering directory `/home/shivam/Courses/cs631/postgresql/src/port'
make -C ../backend submake-errcodes
make[5]: Entering directory `/home/shivam/Courses/cs631/postgresql/src/backend'
make[5]: Nothing to be done for `submake-errcodes'.
make[5]: Leaving directory `/home/shivam/Courses/cs631/postgresql/src/backend'
make[4]: Leaving directory `/home/shivam/Courses/cs631/postgresql/src/port'
make -C ../../../src/common all
make[4]: Entering directory `/home/shivam/Courses/cs631/postgresql/src/common'
make -C ../backend submake-errcodes
make[5]: Entering directory `/home/shivam/Courses/cs631/postgresql/src/backend'
make[5]: Nothing to be done for `submake-errcodes'.
make[5]: Leaving directory `/home/shivam/Courses/cs631/postgresql/src/backend'
make[4]: Leaving directory `/home/shivam/Courses/cs631/postgresql/src/common'
make[3]: Leaving directory `/home/shivam/Courses/cs631/postgresql/src/bin/psql'
make -C scripts all
make[3]: Entering directory `/home/shivam/Courses/cs631/postgresql/src/bin/scripts'
make -C ../../../src/interfaces/libpq all
make[4]: Entering directory `/home/shivam/Courses/cs631/postgresql/src/interfaces/libpq'
make[4]: Nothing to be done for `all'.
make[4]: Leaving directory `/home/shivam/Courses/cs631/postgresql/src/interfaces/libpq'
make -C ../../../src/port all
make[4]: Entering directory `/home/shivam/Courses/cs631/postgresql/src/port'
make -C ../backend submake-errcodes
make[5]: Entering directory `/home/shivam/Courses/cs631/postgresql/src/backend'
make[5]: Nothing to be done for `submake-errcodes'.
make[5]: Leaving directory `/home/shivam/Courses/cs631/postgresql/src/backend'
make[4]: Leaving directory `/home/shivam/Courses/cs631/postgresql/src/port'
make -C ../../../src/common all
make[4]: Entering directory `/home/shivam/Courses/cs631/postgresql/src/common'
make -C ../backend submake-errcodes
make[5]: Entering directory `/home/shivam/Courses/cs631/postgresql/src/backend'
make[5]: Nothing to be done for `submake-errcodes'.
make[5]: Leaving directory `/home/shivam/Courses/cs631/postgresql/src/backend'
make[4]: Leaving directory `/home/shivam/Courses/cs631/postgresql/src/common'
make[3]: Leaving directory `/home/shivam/Courses/cs631/postgresql/src/bin/scripts'
make -C pg_config all
make[3]: Entering directory `/home/shivam/Courses/cs631/postgresql/src/bin/pg_config'
make -C ../../../src/port all
make[4]: Entering directory `/home/shivam/Courses/cs631/postgresql/src/port'
make -C ../backend submake-errcodes
make[5]: Entering directory `/home/shivam/Courses/cs631/postgresql/src/backend'
make[5]: Nothing to be done for `submake-errcodes'.
make[5]: Leaving directory `/home/shivam/Courses/cs631/postgresql/src/backend'
make[4]: Leaving directory `/home/shivam/Courses/cs631/postgresql/src/port'
make -C ../../../src/common all
make[4]: Entering directory `/home/shivam/Courses/cs631/postgresql/src/common'
make -C ../backend submake-errcodes
make[5]: Entering directory `/home/shivam/Courses/cs631/postgresql/src/backend'
make[5]: Nothing to be done for `submake-errcodes'.
make[5]: Leaving directory `/home/shivam/Courses/cs631/postgresql/src/backend'
make[4]: Leaving directory `/home/shivam/Courses/cs631/postgresql/src/common'
make[3]: Leaving directory `/home/shivam/Courses/cs631/postgresql/src/bin/pg_config'
make -C pg_controldata all
make[3]: Entering directory `/home/shivam/Courses/cs631/postgresql/src/bin/pg_controldata'
make -C ../../../src/port all
make[4]: Entering directory `/home/shivam/Courses/cs631/postgresql/src/port'
make -C ../backend submake-errcodes
make[5]: Entering directory `/home/shivam/Courses/cs631/postgresql/src/backend'
make[5]: Nothing to be done for `submake-errcodes'.
make[5]: Leaving directory `/home/shivam/Courses/cs631/postgresql/src/backend'
make[4]: Leaving directory `/home/shivam/Courses/cs631/postgresql/src/port'
make -C ../../../src/common all
make[4]: Entering directory `/home/shivam/Courses/cs631/postgresql/src/common'
make -C ../backend submake-errcodes
make[5]: Entering directory `/home/shivam/Courses/cs631/postgresql/src/backend'
make[5]: Nothing to be done for `submake-errcodes'.
make[5]: Leaving directory `/home/shivam/Courses/cs631/postgresql/src/backend'
make[4]: Leaving directory `/home/shivam/Courses/cs631/postgresql/src/common'
make[3]: Leaving directory `/home/shivam/Courses/cs631/postgresql/src/bin/pg_controldata'
make -C pg_resetxlog all
make[3]: Entering directory `/home/shivam/Courses/cs631/postgresql/src/bin/pg_resetxlog'
make -C ../../../src/port all
make[4]: Entering directory `/home/shivam/Courses/cs631/postgresql/src/port'
make -C ../backend submake-errcodes
make[5]: Entering directory `/home/shivam/Courses/cs631/postgresql/src/backend'
make[5]: Nothing to be done for `submake-errcodes'.
make[5]: Leaving directory `/home/shivam/Courses/cs631/postgresql/src/backend'
make[4]: Leaving directory `/home/shivam/Courses/cs631/postgresql/src/port'
make -C ../../../src/common all
make[4]: Entering directory `/home/shivam/Courses/cs631/postgresql/src/common'
make -C ../backend submake-errcodes
make[5]: Entering directory `/home/shivam/Courses/cs631/postgresql/src/backend'
make[5]: Nothing to be done for `submake-errcodes'.
make[5]: Leaving directory `/home/shivam/Courses/cs631/postgresql/src/backend'
make[4]: Leaving directory `/home/shivam/Courses/cs631/postgresql/src/common'
make[3]: Leaving directory `/home/shivam/Courses/cs631/postgresql/src/bin/pg_resetxlog'
make -C pg_basebackup all
make[3]: Entering directory `/home/shivam/Courses/cs631/postgresql/src/bin/pg_basebackup'
make -C ../../../src/interfaces/libpq all
make[4]: Entering directory `/home/shivam/Courses/cs631/postgresql/src/interfaces/libpq'
make[4]: Nothing to be done for `all'.
make[4]: Leaving directory `/home/shivam/Courses/cs631/postgresql/src/interfaces/libpq'
make -C ../../../src/port all
make[4]: Entering directory `/home/shivam/Courses/cs631/postgresql/src/port'
make -C ../backend submake-errcodes
make[5]: Entering directory `/home/shivam/Courses/cs631/postgresql/src/backend'
make[5]: Nothing to be done for `submake-errcodes'.
make[5]: Leaving directory `/home/shivam/Courses/cs631/postgresql/src/backend'
make[4]: Leaving directory `/home/shivam/Courses/cs631/postgresql/src/port'
make -C ../../../src/common all
make[4]: Entering directory `/home/shivam/Courses/cs631/postgresql/src/common'
make -C ../backend submake-errcodes
make[5]: Entering directory `/home/shivam/Courses/cs631/postgresql/src/backend'
make[5]: Nothing to be done for `submake-errcodes'.
make[5]: Leaving directory `/home/shivam/Courses/cs631/postgresql/src/backend'
make[4]: Leaving directory `/home/shivam/Courses/cs631/postgresql/src/common'
make[3]: Leaving directory `/home/shivam/Courses/cs631/postgresql/src/bin/pg_basebackup'
make[2]: Leaving directory `/home/shivam/Courses/cs631/postgresql/src/bin'
make -C pl all
make[2]: Entering directory `/home/shivam/Courses/cs631/postgresql/src/pl'
make -C plpgsql all
make[3]: Entering directory `/home/shivam/Courses/cs631/postgresql/src/pl/plpgsql'
make -C src all
make[4]: Entering directory `/home/shivam/Courses/cs631/postgresql/src/pl/plpgsql/src'
make[4]: Nothing to be done for `all'.
make[4]: Leaving directory `/home/shivam/Courses/cs631/postgresql/src/pl/plpgsql/src'
make[3]: Leaving directory `/home/shivam/Courses/cs631/postgresql/src/pl/plpgsql'
make[2]: Leaving directory `/home/shivam/Courses/cs631/postgresql/src/pl'
make -C makefiles all
make[2]: Entering directory `/home/shivam/Courses/cs631/postgresql/src/makefiles'
make[2]: Nothing to be done for `all'.
make[2]: Leaving directory `/home/shivam/Courses/cs631/postgresql/src/makefiles'
make -C test/regress all
make[2]: Entering directory `/home/shivam/Courses/cs631/postgresql/src/test/regress'
make -C ../../../src/port all
make[3]: Entering directory `/home/shivam/Courses/cs631/postgresql/src/port'
make -C ../backend submake-errcodes
make[4]: Entering directory `/home/shivam/Courses/cs631/postgresql/src/backend'
make[4]: Nothing to be done for `submake-errcodes'.
make[4]: Leaving directory `/home/shivam/Courses/cs631/postgresql/src/backend'
make[3]: Leaving directory `/home/shivam/Courses/cs631/postgresql/src/port'
make -C ../../../src/common all
make[3]: Entering directory `/home/shivam/Courses/cs631/postgresql/src/common'
make -C ../backend submake-errcodes
make[4]: Entering directory `/home/shivam/Courses/cs631/postgresql/src/backend'
make[4]: Nothing to be done for `submake-errcodes'.
make[4]: Leaving directory `/home/shivam/Courses/cs631/postgresql/src/backend'
make[3]: Leaving directory `/home/shivam/Courses/cs631/postgresql/src/common'
make[2]: Leaving directory `/home/shivam/Courses/cs631/postgresql/src/test/regress'
make[1]: Leaving directory `/home/shivam/Courses/cs631/postgresql/src'
make -C config all
make[1]: Entering directory `/home/shivam/Courses/cs631/postgresql/config'
make[1]: Nothing to be done for `all'.
make[1]: Leaving directory `/home/shivam/Courses/cs631/postgresql/config'
All of PostgreSQL successfully made. Ready to install.
